d:\github\obj_auto_scan\obj_auto_scan\x64\debug\vc140.pdb
d:\github\obj_auto_scan\obj_auto_scan\x64\debug\reconstructfactory.obj
d:\github\obj_auto_scan\obj_auto_scan\x64\debug\greedyprojection.obj
d:\github\obj_auto_scan\obj_auto_scan\x64\debug\mysift3d.obj
d:\github\obj_auto_scan\obj_auto_scan\x64\debug\myharris3d.obj
d:\github\obj_auto_scan\obj_auto_scan\x64\debug\keypointfactory.obj
d:\github\obj_auto_scan\obj_auto_scan\x64\debug\voxelgridfilter.obj
d:\github\obj_auto_scan\obj_auto_scan\x64\debug\filterfactory.obj
d:\github\obj_auto_scan\obj_auto_scan\x64\debug\boundingboxfilter.obj
d:\github\obj_auto_scan\obj_auto_scan\x64\debug\myfpfh.obj
d:\github\obj_auto_scan\obj_auto_scan\x64\debug\correspondencesfactory.obj
d:\github\obj_auto_scan\obj_auto_scan\x64\debug\observerfactory.obj
d:\github\obj_auto_scan\obj_auto_scan\x64\debug\iobserver.obj
d:\github\obj_auto_scan\obj_auto_scan\x64\debug\main.obj
d:\github\obj_auto_scan\obj_auto_scan\x64\debug\real_sense_grabber.obj
d:\github\obj_auto_scan\obj_auto_scan\x64\debug\rs.obj
d:\github\obj_auto_scan\obj_auto_scan\x64\debug\grabberfactory.obj
d:\github\obj_auto_scan\obj_auto_scan\x64\debug\flexx.obj
d:\github\obj_auto_scan\obj_auto_scan\x64\debug\tserial.obj
d:\github\obj_auto_scan\obj_auto_scan\x64\debug\moc_mainwindow.obj
d:\github\obj_auto_scan\obj_auto_scan\x64\debug\moc_iobserver.obj
d:\github\obj_auto_scan\obj_auto_scan\x64\debug\mainwindow.obj
d:\github\obj_auto_scan\obj_auto_scan\x64\debug\regestrationfactory.obj
d:\github\obj_auto_scan\obj_auto_scan\x64\debug\myicp.obj
d:\github\obj_auto_scan\obj_auto_scan\x64\debug\myshotrgb.obj
d:\github\obj_auto_scan\obj_auto_scan\x64\debug\mypfh.obj
d:\github\obj_auto_scan\obj_auto_scan\generatedfiles\debug\moc_iobserver.cpp
d:\github\obj_auto_scan\obj_auto_scan\generatedfiles\qrc_mainwindow.cpp
d:\github\obj_auto_scan\obj_auto_scan\generatedfiles\ui_mainwindow.h
d:\github\obj_auto_scan\x64\debug\obj_auto_scan.ilk
d:\github\obj_auto_scan\x64\debug\obj_auto_scan.exe
d:\github\obj_auto_scan\x64\debug\obj_auto_scan.pdb
d:\github\obj_auto_scan\x64\debug\obj_auto_scan.lib
d:\github\obj_auto_scan\x64\debug\obj_auto_scan.exp
d:\github\obj_auto_scan\obj_auto_scan\x64\debug\obj_auto_scan.tlog\cl.command.1.tlog
d:\github\obj_auto_scan\obj_auto_scan\x64\debug\obj_auto_scan.tlog\cl.read.1.tlog
d:\github\obj_auto_scan\obj_auto_scan\x64\debug\obj_auto_scan.tlog\cl.write.1.tlog
d:\github\obj_auto_scan\obj_auto_scan\x64\debug\obj_auto_scan.tlog\custombuild.command.1.tlog
d:\github\obj_auto_scan\obj_auto_scan\x64\debug\obj_auto_scan.tlog\custombuild.read.1.tlog
d:\github\obj_auto_scan\obj_auto_scan\x64\debug\obj_auto_scan.tlog\custombuild.write.1.tlog
d:\github\obj_auto_scan\obj_auto_scan\x64\debug\obj_auto_scan.tlog\link.command.1.tlog
d:\github\obj_auto_scan\obj_auto_scan\x64\debug\obj_auto_scan.tlog\link.read.1.tlog
d:\github\obj_auto_scan\obj_auto_scan\x64\debug\obj_auto_scan.tlog\link.write.1.tlog
d:\github\obj_auto_scan\obj_auto_scan\x64\debug\obj_auto_scan.tlog\obj_auto_scan.write.1u.tlog
