  Uic'ing MainWindow.ui...
  Moc'ing MainWindow.h...
  Rcc'ing MainWindow.qrc...
RCC : warning : No resources in 'D:\github\ITM_Auto_Scan\OBJ_Auto_SCAN\MainWindow.qrc'.
  
  moc_IObserver.cpp
D:\Software\PCL-1.8.0-vs2015\PCL 1.8.0\include\pcl-1.8\pcl/point_traits.h : warning C4819: 檔案含有無法在目前字碼頁 (950) 中表示的字元。請以 Unicode 格式儲存檔案以防止資料遺失
D:\Software\PCL-1.8.0-vs2015\PCL 1.8.0\include\pcl-1.8\pcl/visualization/interactor_style.h : warning C4819: 檔案含有無法在目前字碼頁 (950) 中表示的字元。請以 Unicode 格式儲存檔案以防止資料遺失
D:\Software\PCL-1.8.0-vs2015\PCL 1.8.0\include\pcl-1.8\pcl/visualization/pcl_visualizer.h(1618): warning C4819: 檔案含有無法在目前字碼頁 (950) 中表示的字元。請以 Unicode 格式儲存檔案以防止資料遺失
  moc_MainWindow.cpp
D:\Software\PCL-1.8.0-vs2015\PCL 1.8.0\include\pcl-1.8\pcl/point_traits.h : warning C4819: 檔案含有無法在目前字碼頁 (950) 中表示的字元。請以 Unicode 格式儲存檔案以防止資料遺失
D:\Software\PCL-1.8.0-vs2015\PCL 1.8.0\include\pcl-1.8\pcl/visualization/interactor_style.h : warning C4819: 檔案含有無法在目前字碼頁 (950) 中表示的字元。請以 Unicode 格式儲存檔案以防止資料遺失
D:\Software\PCL-1.8.0-vs2015\PCL 1.8.0\include\pcl-1.8\pcl/visualization/pcl_visualizer.h(1618): warning C4819: 檔案含有無法在目前字碼頁 (950) 中表示的字元。請以 Unicode 格式儲存檔案以防止資料遺失
  Flexx.cpp
D:\Software\PCL-1.8.0-vs2015\PCL 1.8.0\include\pcl-1.8\pcl/point_traits.h : warning C4819: 檔案含有無法在目前字碼頁 (950) 中表示的字元。請以 Unicode 格式儲存檔案以防止資料遺失
D:\Software\PCL-1.8.0-vs2015\PCL 1.8.0\include\pcl-1.8\pcl/visualization/interactor_style.h : warning C4819: 檔案含有無法在目前字碼頁 (950) 中表示的字元。請以 Unicode 格式儲存檔案以防止資料遺失
D:\Software\PCL-1.8.0-vs2015\PCL 1.8.0\include\pcl-1.8\pcl/visualization/pcl_visualizer.h(1618): warning C4819: 檔案含有無法在目前字碼頁 (950) 中表示的字元。請以 Unicode 格式儲存檔案以防止資料遺失
include\flexx\Flexx.cpp(61): warning C4297: 'Flexx::~Flexx': 函式預設並不會擲回例外狀況，但卻擲回例外狀況
  include\flexx\Flexx.cpp(61): note: 解構函式或釋放器 (可能隱含) 非擲回例外狀況的規格
  GrabberFactory.cpp
D:\Software\PCL-1.8.0-vs2015\PCL 1.8.0\include\pcl-1.8\pcl/point_traits.h : warning C4819: 檔案含有無法在目前字碼頁 (950) 中表示的字元。請以 Unicode 格式儲存檔案以防止資料遺失
D:\Software\PCL-1.8.0-vs2015\PCL 1.8.0\include\pcl-1.8\pcl/visualization/interactor_style.h : warning C4819: 檔案含有無法在目前字碼頁 (950) 中表示的字元。請以 Unicode 格式儲存檔案以防止資料遺失
D:\Software\PCL-1.8.0-vs2015\PCL 1.8.0\include\pcl-1.8\pcl/visualization/pcl_visualizer.h(1618): warning C4819: 檔案含有無法在目前字碼頁 (950) 中表示的字元。請以 Unicode 格式儲存檔案以防止資料遺失
  main.cpp
D:\Software\PCL-1.8.0-vs2015\PCL 1.8.0\include\pcl-1.8\pcl/point_traits.h : warning C4819: 檔案含有無法在目前字碼頁 (950) 中表示的字元。請以 Unicode 格式儲存檔案以防止資料遺失
D:\Software\PCL-1.8.0-vs2015\PCL 1.8.0\include\pcl-1.8\pcl/visualization/interactor_style.h : warning C4819: 檔案含有無法在目前字碼頁 (950) 中表示的字元。請以 Unicode 格式儲存檔案以防止資料遺失
D:\Software\PCL-1.8.0-vs2015\PCL 1.8.0\include\pcl-1.8\pcl/visualization/pcl_visualizer.h(1618): warning C4819: 檔案含有無法在目前字碼頁 (950) 中表示的字元。請以 Unicode 格式儲存檔案以防止資料遺失
  IObserver.cpp
D:\Software\PCL-1.8.0-vs2015\PCL 1.8.0\include\pcl-1.8\pcl/point_traits.h : warning C4819: 檔案含有無法在目前字碼頁 (950) 中表示的字元。請以 Unicode 格式儲存檔案以防止資料遺失
D:\Software\PCL-1.8.0-vs2015\PCL 1.8.0\include\pcl-1.8\pcl/visualization/interactor_style.h : warning C4819: 檔案含有無法在目前字碼頁 (950) 中表示的字元。請以 Unicode 格式儲存檔案以防止資料遺失
D:\Software\PCL-1.8.0-vs2015\PCL 1.8.0\include\pcl-1.8\pcl/visualization/pcl_visualizer.h(1618): warning C4819: 檔案含有無法在目前字碼頁 (950) 中表示的字元。請以 Unicode 格式儲存檔案以防止資料遺失
  ObserverFactory.cpp
D:\Software\PCL-1.8.0-vs2015\PCL 1.8.0\include\pcl-1.8\pcl/point_traits.h : warning C4819: 檔案含有無法在目前字碼頁 (950) 中表示的字元。請以 Unicode 格式儲存檔案以防止資料遺失
D:\Software\PCL-1.8.0-vs2015\PCL 1.8.0\include\pcl-1.8\pcl/visualization/interactor_style.h : warning C4819: 檔案含有無法在目前字碼頁 (950) 中表示的字元。請以 Unicode 格式儲存檔案以防止資料遺失
D:\Software\PCL-1.8.0-vs2015\PCL 1.8.0\include\pcl-1.8\pcl/visualization/pcl_visualizer.h(1618): warning C4819: 檔案含有無法在目前字碼頁 (950) 中表示的字元。請以 Unicode 格式儲存檔案以防止資料遺失
  RS.cpp
D:\Software\PCL-1.8.0-vs2015\PCL 1.8.0\include\pcl-1.8\pcl/point_traits.h : warning C4819: 檔案含有無法在目前字碼頁 (950) 中表示的字元。請以 Unicode 格式儲存檔案以防止資料遺失
D:\Software\PCL-1.8.0-vs2015\PCL 1.8.0\include\pcl-1.8\pcl/visualization/interactor_style.h : warning C4819: 檔案含有無法在目前字碼頁 (950) 中表示的字元。請以 Unicode 格式儲存檔案以防止資料遺失
D:\Software\PCL-1.8.0-vs2015\PCL 1.8.0\include\pcl-1.8\pcl/visualization/pcl_visualizer.h(1618): warning C4819: 檔案含有無法在目前字碼頁 (950) 中表示的字元。請以 Unicode 格式儲存檔案以防止資料遺失
  MainWindow.cpp
D:\Software\PCL-1.8.0-vs2015\PCL 1.8.0\include\pcl-1.8\pcl/point_traits.h : warning C4819: 檔案含有無法在目前字碼頁 (950) 中表示的字元。請以 Unicode 格式儲存檔案以防止資料遺失
D:\Software\PCL-1.8.0-vs2015\PCL 1.8.0\include\pcl-1.8\pcl/visualization/interactor_style.h : warning C4819: 檔案含有無法在目前字碼頁 (950) 中表示的字元。請以 Unicode 格式儲存檔案以防止資料遺失
D:\Software\PCL-1.8.0-vs2015\PCL 1.8.0\include\pcl-1.8\pcl/visualization/pcl_visualizer.h(1618): warning C4819: 檔案含有無法在目前字碼頁 (950) 中表示的字元。請以 Unicode 格式儲存檔案以防止資料遺失
  正在產生程式碼...
     正在建立程式庫 D:\github\ITM_Auto_Scan\x64\Release\OBJ_Auto_SCAN.lib 和物件 D:\github\ITM_Auto_Scan\x64\Release\OBJ_Auto_SCAN.exp
MSVCRT.lib(initializers.obj) : warning LNK4098: 預設的程式庫 'libcmt.lib' 與其他使用的程式庫衝突，請使用 /NODEFAULTLIB:library
  OBJ_Auto_SCAN.vcxproj -> D:\github\ITM_Auto_Scan\x64\Release\OBJ_Auto_SCAN.exe
