d:\github\obj_auto_scan\obj_auto_scan\x64\release\mainwindow.obj
d:\github\obj_auto_scan\obj_auto_scan\x64\release\voxelgridfilter.obj
d:\github\obj_auto_scan\obj_auto_scan\x64\release\filterfactory.obj
d:\github\obj_auto_scan\obj_auto_scan\x64\release\mypfh.obj
d:\github\obj_auto_scan\obj_auto_scan\x64\release\featurefactory.obj
d:\github\obj_auto_scan\obj_auto_scan\x64\release\observerfactory.obj
d:\github\obj_auto_scan\obj_auto_scan\x64\release\iobserver.obj
d:\github\obj_auto_scan\obj_auto_scan\x64\release\main.obj
d:\github\obj_auto_scan\obj_auto_scan\x64\release\real_sense_grabber.obj
d:\github\obj_auto_scan\obj_auto_scan\x64\release\rs.obj
d:\github\obj_auto_scan\obj_auto_scan\x64\release\grabberfactory.obj
d:\github\obj_auto_scan\obj_auto_scan\x64\release\flexx.obj
d:\github\obj_auto_scan\obj_auto_scan\x64\release\tserial.obj
d:\github\obj_auto_scan\obj_auto_scan\x64\release\moc_mainwindow.obj
d:\github\obj_auto_scan\obj_auto_scan\x64\release\moc_iobserver.obj
d:\github\obj_auto_scan\obj_auto_scan\x64\release\mysift3d.obj
d:\github\obj_auto_scan\obj_auto_scan\x64\release\myharris3d.obj
d:\github\obj_auto_scan\obj_auto_scan\x64\release\keypointfactory.obj
d:\github\obj_auto_scan\obj_auto_scan\x64\release\boundingboxfilter.obj
d:\github\obj_auto_scan\obj_auto_scan\x64\release\myfpfh.obj
d:\github\obj_auto_scan\obj_auto_scan\x64\release\regestrationfactory.obj
d:\github\obj_auto_scan\obj_auto_scan\x64\release\myicp.obj
d:\github\obj_auto_scan\obj_auto_scan\x64\release\reconstructfactory.obj
d:\github\obj_auto_scan\obj_auto_scan\x64\release\greedyprojection.obj
d:\github\obj_auto_scan\obj_auto_scan\x64\release\correspondencesfactory.obj
d:\github\obj_auto_scan\obj_auto_scan\x64\release\boundingboxtestdialog.obj
d:\github\obj_auto_scan\obj_auto_scan\x64\release\moc_boundingboxtestdialog.obj
d:\github\obj_auto_scan\obj_auto_scan\x64\release\depthimageboundingboxfilter.obj
d:\github\obj_auto_scan\obj_auto_scan\x64\release\myshotrgb.obj
d:\github\obj_auto_scan\obj_auto_scan\x64\release\mypfhrgb.obj
d:\github\obj_auto_scan\obj_auto_scan\x64\release\openni2grabber.obj
d:\github\obj_auto_scan\obj_auto_scan\x64\release\smoothingfactory.obj
d:\github\obj_auto_scan\obj_auto_scan\x64\release\myresampling.obj
d:\github\obj_auto_scan\obj_auto_scan\x64\release\meshsmoothinglaplacian.obj
d:\github\obj_auto_scan\obj_auto_scan\x64\release\mypoisson.obj
d:\github\obj_auto_scan\obj_auto_scan\x64\release\marchingcubes.obj
d:\github\obj_auto_scan\obj_auto_scan\x64\release\concavehull.obj
d:\github\obj_auto_scan\obj_auto_scan\x64\release\outlierremovalfilter.obj
d:\github\obj_auto_scan\obj_auto_scan\generatedfiles\qrc_mainwindow.cpp
d:\github\obj_auto_scan\obj_auto_scan\generatedfiles\ui_mainwindow.h
d:\github\obj_auto_scan\obj_auto_scan\generatedfiles\ui_boundingboxtestdialog.h
d:\github\obj_auto_scan\obj_auto_scan\generatedfiles\release\moc_iobserver.cpp
d:\github\obj_auto_scan\obj_auto_scan\generatedfiles\release\moc_boundingboxtestdialog.cpp
d:\github\obj_auto_scan\obj_auto_scan\generatedfiles\release\moc_mainwindow.cpp
d:\github\obj_auto_scan\x64\release\obj_auto_scan.exe
d:\github\obj_auto_scan\x64\release\obj_auto_scan.lib
d:\github\obj_auto_scan\x64\release\obj_auto_scan.exp
d:\github\obj_auto_scan\obj_auto_scan\x64\release\obj_auto_scan.tlog\cl.command.1.tlog
d:\github\obj_auto_scan\obj_auto_scan\x64\release\obj_auto_scan.tlog\cl.read.1.tlog
d:\github\obj_auto_scan\obj_auto_scan\x64\release\obj_auto_scan.tlog\cl.write.1.tlog
d:\github\obj_auto_scan\obj_auto_scan\x64\release\obj_auto_scan.tlog\custombuild.command.1.tlog
d:\github\obj_auto_scan\obj_auto_scan\x64\release\obj_auto_scan.tlog\custombuild.read.1.tlog
d:\github\obj_auto_scan\obj_auto_scan\x64\release\obj_auto_scan.tlog\custombuild.write.1.tlog
d:\github\obj_auto_scan\obj_auto_scan\x64\release\obj_auto_scan.tlog\link.command.1.tlog
d:\github\obj_auto_scan\obj_auto_scan\x64\release\obj_auto_scan.tlog\link.read.1.tlog
d:\github\obj_auto_scan\obj_auto_scan\x64\release\obj_auto_scan.tlog\link.write.1.tlog
d:\github\obj_auto_scan\obj_auto_scan\x64\release\obj_auto_scan.tlog\obj_auto_scan.write.1u.tlog
